<?xml version="1.0" encoding="UTF-8"?>
<!-- Generated by org.testng.reporters.JUnitReportReporter -->
<testsuite skipped="0" hostname="DESKTOP-49H7V6R" name="ordofyFeaturesTestClasses.Ordofymultytest" tests="1" failures="0" timestamp="05 Jan 2021 11:19:57 GMT" time="11.904" errors="0">
  <testcase name="clickNewOrder" time="11.904" classname="ordofyFeaturesTestClasses.Ordofymultytest"/>
</testsuite> <!-- ordofyFeaturesTestClasses.Ordofymultytest -->
